[debug] [2023-02-06T03:36:18.977Z] ----------------------------------------------------------------------
[debug] [2023-02-06T03:36:18.979Z] Command:       C:\Users\marve\OneDrive\桌面\guanghui-food-website\node_modules\node\bin\node.exe C:\Users\marve\AppData\Roaming\npm\node_modules\firebase-tools\lib\bin\firebase.js deploy
[debug] [2023-02-06T03:36:18.980Z] CLI Version:   11.17.0
[debug] [2023-02-06T03:36:18.980Z] Platform:      win32
[debug] [2023-02-06T03:36:18.980Z] Node Version:  v14.19.1
[debug] [2023-02-06T03:36:18.981Z] Time:          Mon Feb 06 2023 11:36:18 GMT+0800 (台北標準時間)
[debug] [2023-02-06T03:36:18.981Z] ----------------------------------------------------------------------
[debug] 
[debug] [2023-02-06T03:36:18.993Z] >>> [apiv2][query] GET https://firebase-public.firebaseio.com/cli.json [none]
[debug] [2023-02-06T03:36:19.120Z] > command requires scopes: ["email","openid","https://www.googleapis.com/auth/cloudplatformprojects.readonly","https://www.googleapis.com/auth/firebase","https://www.googleapis.com/auth/cloud-platform"]
[debug] [2023-02-06T03:36:19.120Z] > authorizing via signed-in user (marvelo.k0515@gmail.com)
[debug] [2023-02-06T03:36:19.121Z] [iam] checking project guanghui-food-website for permissions ["firebase.projects.get","firebasehosting.sites.update"]
[debug] [2023-02-06T03:36:19.122Z] > refreshing access token with scopes: []
[debug] [2023-02-06T03:36:19.123Z] >>> [apiv2][query] POST https://www.googleapis.com/oauth2/v3/token [none]
[debug] [2023-02-06T03:36:19.123Z] >>> [apiv2][body] POST https://www.googleapis.com/oauth2/v3/token [omitted]
[debug] [2023-02-06T03:36:19.223Z] <<< [apiv2][status] POST https://www.googleapis.com/oauth2/v3/token 400
[debug] [2023-02-06T03:36:19.223Z] <<< [apiv2][body] POST https://www.googleapis.com/oauth2/v3/token [omitted]
[debug] [2023-02-06T03:36:19.223Z] >>> [apiv2][query] POST https://cloudresourcemanager.googleapis.com/v1/projects/guanghui-food-website:testIamPermissions [none]
[debug] [2023-02-06T03:36:19.223Z] >>> [apiv2][(partial)header] POST https://cloudresourcemanager.googleapis.com/v1/projects/guanghui-food-website:testIamPermissions x-goog-quota-user=projects/guanghui-food-website
[debug] [2023-02-06T03:36:19.224Z] >>> [apiv2][body] POST https://cloudresourcemanager.googleapis.com/v1/projects/guanghui-food-website:testIamPermissions {"permissions":["firebase.projects.get","firebasehosting.sites.update"]}
[debug] [2023-02-06T03:36:19.492Z] <<< [apiv2][status] GET https://firebase-public.firebaseio.com/cli.json 200
[debug] [2023-02-06T03:36:19.492Z] <<< [apiv2][body] GET https://firebase-public.firebaseio.com/cli.json {"cloudBuildErrorAfter":1594252800000,"cloudBuildWarnAfter":1590019200000,"defaultNode10After":1594252800000,"minVersion":"3.0.5","node8DeploysDisabledAfter":1613390400000,"node8RuntimeDisabledAfter":1615809600000,"node8WarnAfter":1600128000000}
[debug] [2023-02-06T03:36:20.018Z] <<< [apiv2][status] POST https://cloudresourcemanager.googleapis.com/v1/projects/guanghui-food-website:testIamPermissions 401
[debug] [2023-02-06T03:36:20.018Z] <<< [apiv2][body] POST https://cloudresourcemanager.googleapis.com/v1/projects/guanghui-food-website:testIamPermissions {"error":{"code":401,"message":"Request had invalid authentication credentials. Expected OAuth 2 access token, login cookie or other valid authentication credential. See https://developers.google.com/identity/sign-in/web/devconsole-project.","status":"UNAUTHENTICATED","details":[{"@type":"type.googleapis.com/google.rpc.ErrorInfo","reason":"ACCESS_TOKEN_TYPE_UNSUPPORTED","metadata":{"method":"google.cloudresourcemanager.v1.Projects.TestIamPermissions","service":"cloudresourcemanager.googleapis.com"}}]}}
[debug] [2023-02-06T03:36:20.019Z] [iam] error while checking permissions, command may fail: FirebaseError: HTTP Error: 401, Request had invalid authentication credentials. Expected OAuth 2 access token, login cookie or other valid authentication credential. See https://developers.google.com/identity/sign-in/web/devconsole-project.
[debug] [2023-02-06T03:36:20.020Z] > refreshing access token with scopes: []
[debug] [2023-02-06T03:36:20.020Z] >>> [apiv2][query] POST https://www.googleapis.com/oauth2/v3/token [none]
[debug] [2023-02-06T03:36:20.020Z] >>> [apiv2][body] POST https://www.googleapis.com/oauth2/v3/token [omitted]
[debug] [2023-02-06T03:36:20.078Z] <<< [apiv2][status] POST https://www.googleapis.com/oauth2/v3/token 400
[debug] [2023-02-06T03:36:20.079Z] <<< [apiv2][body] POST https://www.googleapis.com/oauth2/v3/token [omitted]
[debug] [2023-02-06T03:36:20.080Z] >>> [apiv2][query] GET https://firebase.googleapis.com/v1beta1/projects/guanghui-food-website [none]
[debug] [2023-02-06T03:36:20.134Z] <<< [apiv2][status] GET https://firebase.googleapis.com/v1beta1/projects/guanghui-food-website 401
[debug] [2023-02-06T03:36:20.135Z] <<< [apiv2][body] GET https://firebase.googleapis.com/v1beta1/projects/guanghui-food-website {"error":{"code":401,"message":"Request had invalid authentication credentials. Expected OAuth 2 access token, login cookie or other valid authentication credential. See https://developers.google.com/identity/sign-in/web/devconsole-project.","status":"UNAUTHENTICATED"}}
[debug] [2023-02-06T03:36:20.135Z] HTTP Error: 401, Request had invalid authentication credentials. Expected OAuth 2 access token, login cookie or other valid authentication credential. See https://developers.google.com/identity/sign-in/web/devconsole-project.
[debug] [2023-02-06T03:36:20.177Z] FirebaseError: HTTP Error: 401, Request had invalid authentication credentials. Expected OAuth 2 access token, login cookie or other valid authentication credential. See https://developers.google.com/identity/sign-in/web/devconsole-project.
    at responseToError (C:\Users\marve\AppData\Roaming\npm\node_modules\firebase-tools\lib\responseToError.js:49:12)
    at RetryOperation._fn (C:\Users\marve\AppData\Roaming\npm\node_modules\firebase-tools\lib\apiv2.js:288:77)
    at processTicksAndRejections (internal/process/task_queues.js:95:5)
[error] 
[error] Error: Failed to get Firebase project guanghui-food-website. Please make sure the project exists and your account has permission to access it.
[debug] [2023-06-21T13:44:04.077Z] ----------------------------------------------------------------------
[debug] [2023-06-21T13:44:04.079Z] Command:       D:\Project\guanghui-food-website\node_modules\node\bin\node.exe C:\Users\marve\AppData\Roaming\npm\node_modules\firebase-tools\lib\bin\firebase.js deploy
[debug] [2023-06-21T13:44:04.080Z] CLI Version:   11.17.0
[debug] [2023-06-21T13:44:04.080Z] Platform:      win32
[debug] [2023-06-21T13:44:04.080Z] Node Version:  v14.19.1
[debug] [2023-06-21T13:44:04.081Z] Time:          Wed Jun 21 2023 21:44:04 GMT+0800 (台北標準時間)
[debug] [2023-06-21T13:44:04.082Z] ----------------------------------------------------------------------
[debug] 
[debug] [2023-06-21T13:44:04.097Z] >>> [apiv2][query] GET https://firebase-public.firebaseio.com/cli.json [none]
[debug] [2023-06-21T13:44:04.222Z] > command requires scopes: ["email","openid","https://www.googleapis.com/auth/cloudplatformprojects.readonly","https://www.googleapis.com/auth/firebase","https://www.googleapis.com/auth/cloud-platform"]
[debug] [2023-06-21T13:44:04.222Z] > authorizing via signed-in user (marvelo.k0515@gmail.com)
[debug] [2023-06-21T13:44:04.223Z] [iam] checking project guanghui-food-website for permissions ["firebase.projects.get","firebasehosting.sites.update"]
[debug] [2023-06-21T13:44:04.224Z] > refreshing access token with scopes: []
[debug] [2023-06-21T13:44:04.225Z] >>> [apiv2][query] POST https://www.googleapis.com/oauth2/v3/token [none]
[debug] [2023-06-21T13:44:04.225Z] >>> [apiv2][body] POST https://www.googleapis.com/oauth2/v3/token [omitted]
[debug] [2023-06-21T13:44:04.309Z] <<< [apiv2][status] POST https://www.googleapis.com/oauth2/v3/token 400
[debug] [2023-06-21T13:44:04.309Z] <<< [apiv2][body] POST https://www.googleapis.com/oauth2/v3/token [omitted]
[debug] [2023-06-21T13:44:04.310Z] >>> [apiv2][query] POST https://cloudresourcemanager.googleapis.com/v1/projects/guanghui-food-website:testIamPermissions [none]
[debug] [2023-06-21T13:44:04.310Z] >>> [apiv2][(partial)header] POST https://cloudresourcemanager.googleapis.com/v1/projects/guanghui-food-website:testIamPermissions x-goog-quota-user=projects/guanghui-food-website
[debug] [2023-06-21T13:44:04.310Z] >>> [apiv2][body] POST https://cloudresourcemanager.googleapis.com/v1/projects/guanghui-food-website:testIamPermissions {"permissions":["firebase.projects.get","firebasehosting.sites.update"]}
[debug] [2023-06-21T13:44:04.607Z] <<< [apiv2][status] GET https://firebase-public.firebaseio.com/cli.json 200
[debug] [2023-06-21T13:44:04.607Z] <<< [apiv2][body] GET https://firebase-public.firebaseio.com/cli.json {"cloudBuildErrorAfter":1594252800000,"cloudBuildWarnAfter":1590019200000,"defaultNode10After":1594252800000,"minVersion":"3.0.5","node8DeploysDisabledAfter":1613390400000,"node8RuntimeDisabledAfter":1615809600000,"node8WarnAfter":1600128000000}
[debug] [2023-06-21T13:44:05.104Z] <<< [apiv2][status] POST https://cloudresourcemanager.googleapis.com/v1/projects/guanghui-food-website:testIamPermissions 401
[debug] [2023-06-21T13:44:05.104Z] <<< [apiv2][body] POST https://cloudresourcemanager.googleapis.com/v1/projects/guanghui-food-website:testIamPermissions {"error":{"code":401,"message":"Request had invalid authentication credentials. Expected OAuth 2 access token, login cookie or other valid authentication credential. See https://developers.google.com/identity/sign-in/web/devconsole-project.","status":"UNAUTHENTICATED","details":[{"@type":"type.googleapis.com/google.rpc.ErrorInfo","reason":"ACCESS_TOKEN_TYPE_UNSUPPORTED","metadata":{"service":"cloudresourcemanager.googleapis.com","method":"google.cloudresourcemanager.v1.Projects.TestIamPermissions"}}]}}
[debug] [2023-06-21T13:44:05.108Z] [iam] error while checking permissions, command may fail: FirebaseError: HTTP Error: 401, Request had invalid authentication credentials. Expected OAuth 2 access token, login cookie or other valid authentication credential. See https://developers.google.com/identity/sign-in/web/devconsole-project.
[debug] [2023-06-21T13:44:05.109Z] > refreshing access token with scopes: []
[debug] [2023-06-21T13:44:05.110Z] >>> [apiv2][query] POST https://www.googleapis.com/oauth2/v3/token [none]
[debug] [2023-06-21T13:44:05.111Z] >>> [apiv2][body] POST https://www.googleapis.com/oauth2/v3/token [omitted]
[debug] [2023-06-21T13:44:05.169Z] <<< [apiv2][status] POST https://www.googleapis.com/oauth2/v3/token 400
[debug] [2023-06-21T13:44:05.170Z] <<< [apiv2][body] POST https://www.googleapis.com/oauth2/v3/token [omitted]
[debug] [2023-06-21T13:44:05.171Z] >>> [apiv2][query] GET https://firebase.googleapis.com/v1beta1/projects/guanghui-food-website [none]
[debug] [2023-06-21T13:44:05.229Z] <<< [apiv2][status] GET https://firebase.googleapis.com/v1beta1/projects/guanghui-food-website 401
[debug] [2023-06-21T13:44:05.229Z] <<< [apiv2][body] GET https://firebase.googleapis.com/v1beta1/projects/guanghui-food-website {"error":{"code":401,"message":"Request had invalid authentication credentials. Expected OAuth 2 access token, login cookie or other valid authentication credential. See https://developers.google.com/identity/sign-in/web/devconsole-project.","status":"UNAUTHENTICATED"}}
[debug] [2023-06-21T13:44:05.230Z] HTTP Error: 401, Request had invalid authentication credentials. Expected OAuth 2 access token, login cookie or other valid authentication credential. See https://developers.google.com/identity/sign-in/web/devconsole-project.
[debug] [2023-06-21T13:44:05.285Z] FirebaseError: HTTP Error: 401, Request had invalid authentication credentials. Expected OAuth 2 access token, login cookie or other valid authentication credential. See https://developers.google.com/identity/sign-in/web/devconsole-project.
    at responseToError (C:\Users\marve\AppData\Roaming\npm\node_modules\firebase-tools\lib\responseToError.js:49:12)
    at RetryOperation._fn (C:\Users\marve\AppData\Roaming\npm\node_modules\firebase-tools\lib\apiv2.js:288:77)
    at processTicksAndRejections (internal/process/task_queues.js:95:5)
[error] 
[error] Error: Failed to get Firebase project guanghui-food-website. Please make sure the project exists and your account has permission to access it.
[debug] [2023-06-21T13:47:56.613Z] ----------------------------------------------------------------------
[debug] [2023-06-21T13:47:56.615Z] Command:       D:\Project\guanghui-food-website\node_modules\node\bin\node.exe C:\Users\marve\AppData\Roaming\npm\node_modules\firebase-tools\lib\bin\firebase.js deploy
[debug] [2023-06-21T13:47:56.616Z] CLI Version:   11.17.0
[debug] [2023-06-21T13:47:56.616Z] Platform:      win32
[debug] [2023-06-21T13:47:56.616Z] Node Version:  v14.19.1
[debug] [2023-06-21T13:47:56.617Z] Time:          Wed Jun 21 2023 21:47:56 GMT+0800 (台北標準時間)
[debug] [2023-06-21T13:47:56.618Z] ----------------------------------------------------------------------
[debug] 
[debug] [2023-06-21T13:47:56.697Z] > command requires scopes: ["email","openid","https://www.googleapis.com/auth/cloudplatformprojects.readonly","https://www.googleapis.com/auth/firebase","https://www.googleapis.com/auth/cloud-platform"]
[debug] [2023-06-21T13:47:56.697Z] > authorizing via signed-in user (marvelo.k0515@gmail.com)
[debug] [2023-06-21T13:47:56.697Z] [iam] checking project guanghui-food-website for permissions ["firebase.projects.get","firebasehosting.sites.update"]
[debug] [2023-06-21T13:47:56.699Z] > refreshing access token with scopes: []
[debug] [2023-06-21T13:47:56.701Z] >>> [apiv2][query] POST https://www.googleapis.com/oauth2/v3/token [none]
[debug] [2023-06-21T13:47:56.701Z] >>> [apiv2][body] POST https://www.googleapis.com/oauth2/v3/token [omitted]
[debug] [2023-06-21T13:47:56.799Z] <<< [apiv2][status] POST https://www.googleapis.com/oauth2/v3/token 400
[debug] [2023-06-21T13:47:56.800Z] <<< [apiv2][body] POST https://www.googleapis.com/oauth2/v3/token [omitted]
[debug] [2023-06-21T13:47:56.800Z] >>> [apiv2][query] POST https://cloudresourcemanager.googleapis.com/v1/projects/guanghui-food-website:testIamPermissions [none]
[debug] [2023-06-21T13:47:56.800Z] >>> [apiv2][(partial)header] POST https://cloudresourcemanager.googleapis.com/v1/projects/guanghui-food-website:testIamPermissions x-goog-quota-user=projects/guanghui-food-website
[debug] [2023-06-21T13:47:56.800Z] >>> [apiv2][body] POST https://cloudresourcemanager.googleapis.com/v1/projects/guanghui-food-website:testIamPermissions {"permissions":["firebase.projects.get","firebasehosting.sites.update"]}
[debug] [2023-06-21T13:47:57.590Z] <<< [apiv2][status] POST https://cloudresourcemanager.googleapis.com/v1/projects/guanghui-food-website:testIamPermissions 401
[debug] [2023-06-21T13:47:57.590Z] <<< [apiv2][body] POST https://cloudresourcemanager.googleapis.com/v1/projects/guanghui-food-website:testIamPermissions {"error":{"code":401,"message":"Request had invalid authentication credentials. Expected OAuth 2 access token, login cookie or other valid authentication credential. See https://developers.google.com/identity/sign-in/web/devconsole-project.","status":"UNAUTHENTICATED","details":[{"@type":"type.googleapis.com/google.rpc.ErrorInfo","reason":"ACCESS_TOKEN_TYPE_UNSUPPORTED","metadata":{"service":"cloudresourcemanager.googleapis.com","method":"google.cloudresourcemanager.v1.Projects.TestIamPermissions"}}]}}
[debug] [2023-06-21T13:47:57.594Z] [iam] error while checking permissions, command may fail: FirebaseError: HTTP Error: 401, Request had invalid authentication credentials. Expected OAuth 2 access token, login cookie or other valid authentication credential. See https://developers.google.com/identity/sign-in/web/devconsole-project.
[debug] [2023-06-21T13:47:57.595Z] > refreshing access token with scopes: []
[debug] [2023-06-21T13:47:57.596Z] >>> [apiv2][query] POST https://www.googleapis.com/oauth2/v3/token [none]
[debug] [2023-06-21T13:47:57.597Z] >>> [apiv2][body] POST https://www.googleapis.com/oauth2/v3/token [omitted]
[debug] [2023-06-21T13:47:57.656Z] <<< [apiv2][status] POST https://www.googleapis.com/oauth2/v3/token 400
[debug] [2023-06-21T13:47:57.656Z] <<< [apiv2][body] POST https://www.googleapis.com/oauth2/v3/token [omitted]
[debug] [2023-06-21T13:47:57.660Z] >>> [apiv2][query] GET https://firebase.googleapis.com/v1beta1/projects/guanghui-food-website [none]
[debug] [2023-06-21T13:47:57.722Z] <<< [apiv2][status] GET https://firebase.googleapis.com/v1beta1/projects/guanghui-food-website 401
[debug] [2023-06-21T13:47:57.723Z] <<< [apiv2][body] GET https://firebase.googleapis.com/v1beta1/projects/guanghui-food-website {"error":{"code":401,"message":"Request had invalid authentication credentials. Expected OAuth 2 access token, login cookie or other valid authentication credential. See https://developers.google.com/identity/sign-in/web/devconsole-project.","status":"UNAUTHENTICATED"}}
[debug] [2023-06-21T13:47:57.724Z] HTTP Error: 401, Request had invalid authentication credentials. Expected OAuth 2 access token, login cookie or other valid authentication credential. See https://developers.google.com/identity/sign-in/web/devconsole-project.
[debug] [2023-06-21T13:47:57.791Z] FirebaseError: HTTP Error: 401, Request had invalid authentication credentials. Expected OAuth 2 access token, login cookie or other valid authentication credential. See https://developers.google.com/identity/sign-in/web/devconsole-project.
    at responseToError (C:\Users\marve\AppData\Roaming\npm\node_modules\firebase-tools\lib\responseToError.js:49:12)
    at RetryOperation._fn (C:\Users\marve\AppData\Roaming\npm\node_modules\firebase-tools\lib\apiv2.js:288:77)
    at processTicksAndRejections (internal/process/task_queues.js:95:5)
[error] 
[error] Error: Failed to get Firebase project guanghui-food-website. Please make sure the project exists and your account has permission to access it.
